c:\cocos\project\snakegame\proj.win32\debug.win32\vc140.pdb
c:\cocos\project\snakegame\greedysnake\proj.win32\debug.win32\appdelegate.obj
c:\cocos\project\snakegame\greedysnake\proj.win32\debug.win32\helloworldscene.obj
c:\cocos\project\snakegame\greedysnake\proj.win32\debug.win32\visiblerect.obj
c:\cocos\project\snakegame\greedysnake\proj.win32\debug.win32\cameralcmf3d.obj
c:\cocos\project\snakegame\greedysnake\proj.win32\debug.win32\moveball.obj
c:\cocos\project\snakegame\greedysnake\proj.win32\debug.win32\snakescene.obj
c:\cocos\project\snakegame\greedysnake\proj.win32\debug.win32\snakeview.obj
c:\cocos\project\snakegame\greedysnake\proj.win32\debug.win32\virtualhandle.obj
c:\cocos\project\snakegame\greedysnake\proj.win32\debug.win32\gamescene.obj
c:\cocos\project\snakegame\greedysnake\proj.win32\debug.win32\randomball.obj
c:\cocos\project\snakegame\greedysnake\proj.win32\debug.win32\main.obj
c:\cocos\project\snakegame\greedysnake\proj.win32\debug.win32\ball.obj
c:\cocos\project\snakegame\greedysnake\proj.win32\debug.win32\hero.obj
c:\cocos\project\snakegame\greedysnake\proj.win32\debug.win32\snakehead.obj
c:\cocos\project\snakegame\greedysnake\proj.win32\debug.win32\vc140.pdb
c:\cocos\project\snakegame\proj.win32\debug.win32\snakegame.ilk
c:\cocos\project\snakegame\proj.win32\debug.win32\snakegame.exe
c:\cocos\project\snakegame\proj.win32\debug.win32\snakegame.pdb
c:\cocos\project\snakegame\greedysnake\proj.win32\debug.win32\snakegame.ilk
c:\cocos\project\snakegame\greedysnake\proj.win32\debug.win32\snakegame.exe
c:\cocos\project\snakegame\greedysnake\proj.win32\debug.win32\snakegame.pdb
c:\cocos\project\snakegame\greedysnake\proj.win32\debug.win32\game.res
c:\cocos\project\snakegame\proj.win32\debug.win32\snakegame.lib
c:\cocos\project\snakegame\proj.win32\debug.win32\snakegame.exp
c:\cocos\project\snakegame\proj.win32\snakegame.cab
c:\cocos\project\snakegame\greedysnake\proj.win32\debug.win32\snakegame.lib
c:\cocos\project\snakegame\greedysnake\proj.win32\debug.win32\snakegame.exp
c:\cocos\project\snakegame\greedysnake\proj.win32\snakegame.cab
c:\cocos\project\snakegame\greedysnake\proj.win32\debug.win32\vc140.idb
c:\cocos\project\snakegame\greedysnake\proj.win32\debug.win32\snakegame.tlog\cl.command.1.tlog
c:\cocos\project\snakegame\greedysnake\proj.win32\debug.win32\snakegame.tlog\cl.read.1.tlog
c:\cocos\project\snakegame\greedysnake\proj.win32\debug.win32\snakegame.tlog\cl.write.1.tlog
c:\cocos\project\snakegame\greedysnake\proj.win32\debug.win32\snakegame.tlog\link.command.1.tlog
c:\cocos\project\snakegame\greedysnake\proj.win32\debug.win32\snakegame.tlog\link.read.1.tlog
c:\cocos\project\snakegame\greedysnake\proj.win32\debug.win32\snakegame.tlog\link.write.1.tlog
c:\cocos\project\snakegame\greedysnake\proj.win32\debug.win32\snakegame.tlog\rc.command.1.tlog
c:\cocos\project\snakegame\greedysnake\proj.win32\debug.win32\snakegame.tlog\rc.read.1.tlog
c:\cocos\project\snakegame\greedysnake\proj.win32\debug.win32\snakegame.tlog\rc.write.1.tlog
c:\cocos\project\snakegame\greedysnake\proj.win32\debug.win32\snakegame.tlog\snakegame.write.1u.tlog
